[0s] Loading v8 basket positions...
[0s] Left basket: (179, 525)
[0s] Right basket: (1009, 466)
[0s] Loading NN model for verification...
[4s] Phase 1: Ball detection (hybrid HSV+NN)...
[9s]   500 frames, 500 balls (100%), HSV:500 NN:0, 56.8 fps
[13s]   1000 frames, 998 balls (100%), HSV:998 NN:0, 78.2 fps
[17s]   1500 frames, 1497 balls (100%), HSV:1497 NN:0, 90.1 fps
[21s]   2000 frames, 1995 balls (100%), HSV:1995 NN:0, 97.3 fps
[26s]   2500 frames, 2488 balls (100%), HSV:2487 NN:1, 94.9 fps
[28s] Phase 1 done: 2711 frames, 2693 detections (99%)
[28s] Phase 3: Kalman smoothing...
[0s] Loading v8 basket positions...
[0s] Left basket: (179, 525)
[0s] Right basket: (1009, 466)
[0s] Loading NN model for verification...
[3s] Phase 1: Ball detection (hybrid HSV+NN)...
[8s]   500 frames, 500 balls (100%), HSV:500 NN:0, 66.1 fps
[12s]   1000 frames, 998 balls (100%), HSV:998 NN:0, 86.2 fps
[16s]   1500 frames, 1497 balls (100%), HSV:1497 NN:0, 96.5 fps
[19s]   2000 frames, 1995 balls (100%), HSV:1995 NN:0, 103.0 fps
[25s]   2500 frames, 2488 balls (100%), HSV:2487 NN:1, 99.6 fps
[27s] Phase 1 done: 2711 frames, 2693 detections (99%)
[27s] Phase 3: Kalman smoothing...
[27s] Smoothed track: 2711 frames
[27s] Phase 4: Arc-based shot detection...
[27s] Arcs detected: 0
[27s] After dedup: 0 shots
