[0s] Loading v14 NN detections...
[0s] v14 data: 2711 frames, 488 NN detections
[0s] Loading basket positions...
[0s] Left: (179, 525), Right: (1009, 466)
[0s] Phase 1: Using NN detections as anchor points...
[0s]   NN anchors: 488 frames
[0s] Phase 2: Optical flow gap filling...
[0s]   OF windows: 137
[0s] Loading v14 NN detections...
[0s] v14 data: 2711 frames, 488 NN detections
[0s] Loading basket positions...
[0s] Left: (179, 525), Right: (1009, 466)
[0s] Phase 1: Using NN detections as anchor points...
[0s]   NN anchors: 488 frames
[0s] Phase 2: Optical flow gap filling...
[0s]   OF windows: 137
[151s]   OF batch 50/137, filled 695 gaps, 151s
[331s]   OF batch 100/137, filled 1540 gaps, 331s
[464s] Phase 2 done: filled 2152 gap frames
[464s] Phase 3: Smoothing...
[464s]   Total ball frames: 2640 / 2711 (97%)
[464s] Phase 4: Shot arc detection...
[464s] Shots: 1
[464s]   F2613: 2PT MAKE dist= 35.7px arc_h=192px
[464s] ============================================================
[464s] Ball coverage: 2640/2711 (97%)
[464s] RESULTS: 1 shots
[464s] 2PT: 1/1
[464s] 3PT: 0/0
[464s] Makes: 1, Points: 2
[464s] Target: 2PT 2/7, 3PT 1/2, FT 1/3 = 8pts
[464s] DONE
