[0s] ============================================================
[0s] Shot Detection v14: Stabilization + HSV + Shot Logic
[0s] ============================================================
[0s] Phase 0: Loading basket positions...
[0s]   v8 basket data: 2701 frames
[0s]   Video: 2701 frames, 1280x720
[0s]   Left basket:  (179, 525)
[0s]   Right basket: (1009, 466)
[0s] Phase 1: Stabilization + Ball detection...
[6s]   Pass 1: 500/2701 frames, cum drift=(-1502,-67)px
[16s]   Pass 1: 1000/2701 frames, cum drift=(-563,-578)px
[27s]   Pass 1: 1500/2701 frames, cum drift=(-526,-571)px
[0s] ============================================================
[0s] Shot Detection v14: Stabilization + HSV + Shot Logic
[0s] ============================================================
[0s] Phase 0: Loading basket positions...
[0s]   v8 basket data: 2701 frames
[0s]   Video: 2701 frames, 1280x720
[0s]   Left basket:  (179, 525)
[0s]   Right basket: (1009, 466)
[0s] Phase 1: Stabilization + Ball detection...
[6s]   Pass 1: 500/2701 frames, cum drift=(-1502,-67)px
[15s]   Pass 1: 1000/2701 frames, cum drift=(-563,-578)px
[24s]   Pass 1: 1500/2701 frames, cum drift=(-526,-571)px
[0s] Loading v8 basket positions...
[0s] Left basket: (179, 525)
[0s] Right basket: (1009, 466)
[0s] Phase 1: Ball detection (fine-tuned NN)...
[5s] Video: 2701 frames
[5s] Basket arrays: 2701 frames
[201s]   500/2701, 69 balls, 1 filtered, 2.5 fps
[396s]   1000/2701, 173 balls, 1 filtered, 2.5 fps
[590s]   1500/2701, 223 balls, 1 filtered, 2.5 fps
[784s]   2000/2701, 286 balls, 2 filtered, 2.6 fps
[983s]   2500/2701, 460 balls, 2 filtered, 2.5 fps
[1065s] Phase 1 done: 488 balls in court (2 filtered), 2711 total entries
[0s] Loading v8 basket positions...
[0s] Left basket: (179, 525)
[0s] Right basket: (1009, 466)
[0s] Phase 1: Ball detection (fine-tuned NN)...
[3s] Video: 2701 frames
[3s] Basket arrays: 2701 frames
[203s]   500/2701, 69 balls, 1 filtered, 2.5 fps
[399s]   1000/2701, 173 balls, 1 filtered, 2.5 fps
[596s]   1500/2701, 223 balls, 1 filtered, 2.5 fps
[795s]   2000/2701, 286 balls, 2 filtered, 2.5 fps
[996s]   2500/2701, 460 balls, 2 filtered, 2.5 fps
[1082s] Phase 1 done: 488 balls in court (2 filtered), 2711 total entries
[1082s] Using actual frame count: 2711 (was 0)
[1082s] Basket arrays resized to 2711 frames
[1082s] Phase 2: Ball-to-basket distance...
[1082s] Distance computed for 488 frames
[1082s] Dist stats: min=8 med=313 max=457
[1082s] Frames within 200px of basket: 109
[1082s] Phase 3: Shot detection...
[1082s]   Proximity: 109
[1082s]   Peaks: 39
[1082s]   Gaps: 443
[1082s] Phase 4: Deduplicating...
[1082s]   Total candidates before dedup: 109
[1082s]   109 -> 26 shots after dedup
[1082s] Visualizing...
[1087s] ============================================================
[1087s] RESULTS: 26 shots detected
[1087s] 2PT: 4/14 makes
[1087s] 3PT: 0/12 makes
[1087s] Makes: 4, Points: 8
[1087s] Target: 2PT 2/7, 3PT 1/2, FT 1/3 = 8pts
[1087s]   F  33: 3PT MISS dist=140.9px conf=0.0004
[1087s]   F  68: 3PT MISS dist=180.6px conf=0.0004
[1087s]   F 120: 2PT MISS dist= 93.4px conf=0.0016
[1087s]   F 236: 3PT MISS dist=120.6px conf=0.0003
[1087s]   F 259: 3PT MISS dist=175.4px conf=0.0004
[1087s]   F 297: 3PT MISS dist=183.3px conf=0.0002
[1087s]   F 467: 3PT MISS dist=160.6px conf=0.0016
[1087s]   F 617: 2PT MISS dist= 65.7px conf=0.0003
[1087s]   F 647: 3PT MISS dist=138.9px conf=0.0003
[1087s]   F 724: 3PT MISS dist=159.8px conf=0.0013
[1087s]   F 808: 3PT MISS dist=160.6px conf=0.0017
[1087s]   F 934: 2PT MISS dist= 87.6px conf=0.0003
[1087s]   F 990: 3PT MISS dist=183.4px conf=0.0010
[1087s]   F1072: 2PT MISS dist=116.3px conf=0.0010
[1087s]   F1290: 2PT MAKE dist= 21.2px conf=0.0008
[1087s]   F1413: 2PT MISS dist=109.8px conf=0.0006
[1087s]   F1468: 2PT MISS dist= 83.2px conf=0.0002
[1087s]   F1614: 2PT MAKE dist=  8.0px conf=0.0003
[1087s]   F1768: 2PT MISS dist= 62.3px conf=0.0002
[1087s]   F2051: 2PT MAKE dist= 37.4px conf=0.0011
[1087s]   F2174: 2PT MISS dist= 99.3px conf=0.0012
[1087s]   F2318: 2PT MAKE dist= 22.9px conf=0.0008
[1087s]   F2435: 2PT MISS dist= 73.0px conf=0.0007
[1087s]   F2505: 3PT MISS dist=164.8px conf=0.0005
[1087s]   F2591: 2PT MISS dist= 65.5px conf=0.0007
[1087s]   F2642: 3PT MISS dist=139.4px conf=0.0004
[1087s] DONE
[1087s] Output: pipeline_output/shot_candidates_v14.csv
