[2026-05-16 11:02:03] === Starting backup: backup/2026-05-16-1102 ===
[2026-05-16 11:02:03] Copying project to /tmp/liberty-backup-34370 ...
[2026-05-16 11:06:11] === Starting backup: backup/2026-05-16-1106 ===
[2026-05-16 11:06:11] Copying project to /home/monk-admin/liberty-backup-tmp ...
[2026-05-16 11:06:33] Pushing to origin/backups ...
[2026-05-16 12:11:08] === Starting backup: backup/2026-05-16-1211 ===
[2026-05-16 12:11:08] Copying project to /home/monk-admin/liberty-backup-tmp ...
[2026-05-16 12:11:29] Pushing to origin/backups ...
[2026-05-16 12:46:27] === Starting backup: backup/2026-05-16-1246 ===
[2026-05-16 12:46:27] Cloning existing backups branch...
[2026-05-16 12:48:51] === Starting backup: backup/2026-05-16-1248 ===
[2026-05-16 12:48:51] Cloning existing backups branch...
[2026-05-16 12:51:23] Cloned existing backups branch.
[2026-05-16 12:51:23] Syncing current project state...
[2026-05-16 12:51:28] Pushing to origin/backups ...
To github.com:scottmcconnell1-bot/liberty-basketball-analysis.git
   7771c0e..730d9cd  backups -> backups
To github.com:scottmcconnell1-bot/liberty-basketball-analysis.git
 * [new tag]         backup/2026-05-16-1248 -> backup/2026-05-16-1248
[2026-05-16 12:51:31] === Backup complete: backup/2026-05-16-1248 ===
[2026-05-16 13:15:57] === Starting backup: backup/2026-05-16-1315 ===
[2026-05-16 13:15:57] Cloning existing backups branch...
[2026-05-16 13:19:42] === Starting backup: backup/2026-05-16-1319 ===
[2026-05-16 13:19:42] Cloning existing backups branch...
[2026-05-16 13:22:07] Cloned existing backups branch.
[2026-05-16 13:22:07] Syncing current project state...
